Could not get FontBBox from font descriptor because None cannot be parsed as 4 floats
============================================================
Autonomous Ingestion (HiRAG + LeanRAG + MarkItDown)
============================================================
Watch folder: C:\Users\New Employee\Documents\GateofTruth
LocalAI URL: http://localhost:8080/v1
MarkItDown: Available
PyMuPDF: Available

[OK] LocalAI connected

Found 44 new file(s)
  Processing: A Review of Topological Data Analysis and Topological Deep Learning in Molecular Sciences.pdf
    [1/5] Extracting text...
    Extracted 109657 chars (using MarkItDown)
    [2/5] Extracting academic structure...
    [3/5] Semantic chunking...
    Created 79 chunks
    [4/5] Extracting local knowledge...
    Extracted 18 local facts
    [5/5] Aggregating to global summary...
    Global summary created
    [OK] Total tokens: 1266 (FREE via LocalAI)
    Stored: 18 facts, 79 chunks
  Processing: A Survey of Continual Reinforcement Learning.pdf
    [1/5] Extracting text...
    Extracted 167947 chars (using MarkItDown)
    [2/5] Extracting academic structure...
    [3/5] Semantic chunking...
    Created 134 chunks
    [4/5] Extracting local knowledge...
    Extracted 27 local facts
    [5/5] Aggregating to global summary...
    Global summary created
    [OK] Total tokens: 2552 (FREE via LocalAI)
    Stored: 27 facts, 134 chunks
  Processing: A Survey of Topological Machine Learning Methods.pdf
    [1/5] Extracting text...
    Extracted 67362 chars (using MarkItDown)
    [2/5] Extracting academic structure...
    [3/5] Semantic chunking...
    Created 54 chunks
    [4/5] Extracting local knowledge...
    Extracted 5 local facts
    [5/5] Aggregating to global summary...
    Global summary created
    [OK] Total tokens: 623 (FREE via LocalAI)
    Stored: 5 facts, 54 chunks
  Processing: almutairi-almatrodi-2025-trust-under-bounded-rationality-exploring-human-ai-interaction-in-decision-making-through.pdf
    [1/5] Extracting text...
    Extracted 79162 chars (using MarkItDown)
    [2/5] Extracting academic structure...
    [3/5] Semantic chunking...
    Created 60 chunks
    [4/5] Extracting local knowledge...
    Extracted 12 local facts
    [5/5] Aggregating to global summary...
    Global summary created
    [OK] Total tokens: 1638 (FREE via LocalAI)
    Stored: 12 facts, 60 chunks
  Processing: Bisimulation Makes Analogies in Goal-Conditioned Reinforcement Learning.pdf
    [1/5] Extracting text...
    Extracted 83422 chars (using MarkItDown)
    [2/5] Extracting academic structure...
    [3/5] Semantic chunking...
    Created 63 chunks
    [4/5] Extracting local knowledge...
    Extracted 13 local facts
    [5/5] Aggregating to global summary...
    Global summary created
    [OK] Total tokens: 2264 (FREE via LocalAI)
    Stored: 13 facts, 63 chunks
  Processing: Bounded Rationality, Abstraction, and Hierarchical Decision-Making An Information-Theoretic Optimality Principle.pdf
    [1/5] Extracting text...
    Extracted 139332 chars (using MarkItDown)
    [2/5] Extracting academic structure...
    [3/5] Semantic chunking...
    Created 107 chunks
    [4/5] Extracting local knowledge...
    Extracted 6 local facts
    [5/5] Aggregating to global summary...
    Global summary created
    [OK] Total tokens: 1329 (FREE via LocalAI)
[Telegram] Failed: HTTP Error 400: Bad Request
    Stored: 6 facts, 107 chunks
  Processing: Bounded Rationality, Satisficing, Artificial Intelligence, and Decision-Making in Public Organizations.pdf
    [1/5] Extracting text...
    Extracted 18713 chars (using MarkItDown)
    [2/5] Extracting academic structure...
    [3/5] Semantic chunking...
    Created 16 chunks
    [4/5] Extracting local knowledge...
    Extracted 18 local facts
    [5/5] Aggregating to global summary...
    Global summary created
    [OK] Total tokens: 1579 (FREE via LocalAI)
    Stored: 18 facts, 16 chunks
  Processing: Can matrix coherence be efficiently and accurately estimated.pdf
    [1/5] Extracting text...
    Extracted 36938 chars (using MarkItDown)
    [2/5] Extracting academic structure...
    [3/5] Semantic chunking...
    Created 29 chunks
    [4/5] Extracting local knowledge...
    Extracted 10 local facts
    [5/5] Aggregating to global summary...
    Global summary created
    [OK] Total tokens: 1476 (FREE via LocalAI)
    Stored: 10 facts, 29 chunks
  Processing: Chaos in Control Systems A Review of Suppression and Induction Strategies with Industrial Applications.pdf
    [1/5] Extracting text...
    Extracted 57306 chars (using MarkItDown)
    [2/5] Extracting academic structure...
    [3/5] Semantic chunking...
    Created 42 chunks
    [4/5] Extracting local knowledge...
    Extracted 6 local facts
    [5/5] Aggregating to global summary...
    Global summary created
    [OK] Total tokens: 411 (FREE via LocalAI)
    Stored: 6 facts, 42 chunks
  Processing: Continual Learning for Unsupervised Anomaly Detection in Continious Auditing of Financial Accounting Data.pdf
    [1/5] Extracting text...
    Extracted 51783 chars (using MarkItDown)
    [2/5] Extracting academic structure...
    [3/5] Semantic chunking...
    Created 34 chunks
    [4/5] Extracting local knowledge...
    Extracted 0 local facts
    [5/5] Aggregating to global summary...
    Global summary created
    [OK] Total tokens: 0 (FREE via LocalAI)
    Stored: 0 facts, 34 chunks
  Processing: Continual Learning in Artificial Intelligence A Review of Techniques, Metrics, and Real-World Applications.pdf
    [1/5] Extracting text...
    Extracted 58898 chars (using MarkItDown)
    [2/5] Extracting academic structure...
    [3/5] Semantic chunking...
    Created 44 chunks
    [4/5] Extracting local knowledge...
    Extracted 4 local facts
    [5/5] Aggregating to global summary...
    Global summary created
    [OK] Total tokens: 678 (FREE via LocalAI)
    Stored: 4 facts, 44 chunks
  Processing: CONTINUAL LEARNING OF PREDICTIVE MODELS IN VIDEO SEQUENCES VIA VARIATIONAL AUTOENCODERS.pdf
    [1/5] Extracting text...
    Extracted 27925 chars (using MarkItDown)
    [2/5] Extracting academic structure...
    [3/5] Semantic chunking...
    Created 23 chunks
    [4/5] Extracting local knowledge...
    Extracted 17 local facts
    [5/5] Aggregating to global summary...
    Global summary created
    [OK] Total tokens: 1766 (FREE via LocalAI)
    Stored: 17 facts, 23 chunks
  Processing: Creating Coherence in Federated Non-Negative Matrix Factorization.pdf
    [1/5] Extracting text...
    Extracted 44998 chars (using MarkItDown)
    [2/5] Extracting academic structure...
    [3/5] Semantic chunking...
    Created 37 chunks
    [4/5] Extracting local knowledge...
    Extracted 14 local facts
    [5/5] Aggregating to global summary...
    Global summary created
    [OK] Total tokens: 871 (FREE via LocalAI)
    Stored: 14 facts, 37 chunks
  Processing: csaszar-et-al-2024-artificial-intelligence-and-strategic-decision-making-evidence-from-entrepreneurs-and-investors.pdf
    [1/5] Extracting text...
    Extracted 134885 chars (using MarkItDown)
    [2/5] Extracting academic structure...
    [3/5] Semantic chunking...
    Created 107 chunks
    [4/5] Extracting local knowledge...
    Extracted 21 local facts
    [5/5] Aggregating to global summary...
    Global summary created
    [OK] Total tokens: 2704 (FREE via LocalAI)
    Stored: 21 facts, 107 chunks
  Processing: Findings of the First Shared Task on Lifelong Learning Machine Translation.pdf
    [1/5] Extracting text...
    Extracted 31895 chars (using MarkItDown)
    [2/5] Extracting academic structure...
    [3/5] Semantic chunking...
    Created 25 chunks
    [4/5] Extracting local knowledge...
    Extracted 10 local facts
    [5/5] Aggregating to global summary...
    Global summary created
    [OK] Total tokens: 646 (FREE via LocalAI)
    Stored: 10 facts, 25 chunks
  Processing: From Decoherence to Coherent Intelligence A Hypothesis on the Emergence of Ai Structure Through Recursive Reasoning Jordan Barton.pdf
    [1/5] Extracting text...
    Extracted 116785 chars (using MarkItDown)
    [2/5] Extracting academic structure...
    [3/5] Semantic chunking...
    Created 88 chunks
    [4/5] Extracting local knowledge...
    Extracted 23 local facts
    [5/5] Aggregating to global summary...
    Global summary created
    [OK] Total tokens: 1973 (FREE via LocalAI)
    Stored: 23 facts, 88 chunks
  Processing: GCHR Goal-Conditioned Hindsight Regularization for Sample-Efficient Reinforcement Learning.pdf
    [1/5] Extracting text...
    Extracted 62040 chars (using MarkItDown)
    [2/5] Extracting academic structure...
    [3/5] Semantic chunking...
    Created 50 chunks
    [4/5] Extracting local knowledge...
    Extracted 7 local facts
    [5/5] Aggregating to global summary...
    Global summary created
    [OK] Total tokens: 637 (FREE via LocalAI)
    Stored: 7 facts, 50 chunks
  Processing: Generalizing Goal-Conditioned Reinforcement Learning with Variational Causal Reasoning.pdf
    [1/5] Extracting text...
    Extracted 62888 chars (using MarkItDown)
    [2/5] Extracting academic structure...
    [3/5] Semantic chunking...
    Created 49 chunks
    [4/5] Extracting local knowledge...
    Extracted 0 local facts
    [5/5] Aggregating to global summary...
    Global summary created
    [OK] Total tokens: 0 (FREE via LocalAI)
    Stored: 0 facts, 49 chunks
  Processing: Goal-Conditioned On-Policy Reinforcement Learning.pdf
    [1/5] Extracting text...
    Extracted 91791 chars (using MarkItDown)
    [2/5] Extracting academic structure...
    [3/5] Semantic chunking...
    Created 74 chunks
    [4/5] Extracting local knowledge...
    Extracted 0 local facts
    [5/5] Aggregating to global summary...
    Global summary created
    [OK] Total tokens: 0 (FREE via LocalAI)
    Stored: 0 facts, 74 chunks
  Processing: Goal-Conditioned Reinforcement Learning Problems and Solutions.pdf
    [1/5] Extracting text...
    Extracted 53752 chars (using MarkItDown)
    [2/5] Extracting academic structure...
    [3/5] Semantic chunking...
    Created 43 chunks
    [4/5] Extracting local knowledge...
    Extracted 0 local facts
    [5/5] Aggregating to global summary...
    Global summary created
    [OK] Total tokens: 0 (FREE via LocalAI)
    Stored: 0 facts, 43 chunks
  Processing: Goal-Conditioned Reinforcement Learning with Virtual Experiences.pdf
    [1/5] Extracting text...
    Extracted 60170 chars (using MarkItDown)
    [2/5] Extracting academic structure...
    [3/5] Semantic chunking...
    Created 48 chunks
    [4/5] Extracting local knowledge...
    Extracted 0 local facts
    [5/5] Aggregating to global summary...
    Global summary created
    [OK] Total tokens: 0 (FREE via LocalAI)
    Stored: 0 facts, 48 chunks
  Processing: Goal-Conditioned Reinforcement Learning within a Human-Robot Disassembly Environment.pdf
    [1/5] Extracting text...
    Extracted 63713 chars (using MarkItDown)
    [2/5] Extracting academic structure...
    [3/5] Semantic chunking...
    Created 52 chunks
    [4/5] Extracting local knowledge...
    Extracted 1 local facts
    [5/5] Aggregating to global summary...
    Global summary created
    [OK] Total tokens: 638 (FREE via LocalAI)
[Telegram] Failed: HTTP Error 400: Bad Request
    Stored: 1 facts, 52 chunks
  Processing: HIERARCHICAL SUBSPACES OF POLICIES FOR CONTINUAL OFFLINE REINFORCEMENT LEARNING.pdf
    [1/5] Extracting text...
    Extracted 70685 chars (using MarkItDown)
    [2/5] Extracting academic structure...
    Academic extraction: 1950 tokens
    [3/5] Semantic chunking...
    Created 53 chunks
    [4/5] Extracting local knowledge...
    Extracted 30 local facts
    [5/5] Aggregating to global summary...
    Global summary created
    [OK] Total tokens: 5013 (FREE via LocalAI)
    Stored: 30 facts, 53 chunks
  Processing: Image–text coherence and its implications for multimodal AI.pdf
    [1/5] Extracting text...
    Extracted 68381 chars (using MarkItDown)
    [2/5] Extracting academic structure...
    [3/5] Semantic chunking...
    Created 57 chunks
    [4/5] Extracting local knowledge...
    Extracted 16 local facts
    [5/5] Aggregating to global summary...
    Global summary created
    [OK] Total tokens: 2533 (FREE via LocalAI)
    Stored: 16 facts, 57 chunks
  Processing: Knowledge Retention in Continual Model-Based Reinforcement Learning.pdf
    [1/5] Extracting text...
    Extracted 77088 chars (using MarkItDown)
    [2/5] Extracting academic structure...
    Academic extraction: 1909 tokens
    [3/5] Semantic chunking...
    Created 62 chunks
    [4/5] Extracting local knowledge...
    Extracted 51 local facts
    [5/5] Aggregating to global summary...
    Global summary created
    [OK] Total tokens: 7460 (FREE via LocalAI)
    Stored: 51 facts, 62 chunks
  Processing: Machine learning and topological data analysis identify unique features of human papillae in 3D scans.pdf
    [1/5] Extracting text...
    Extracted 62875 chars (using MarkItDown)
    [2/5] Extracting academic structure...
    [3/5] Semantic chunking...
    Created 53 chunks
    [4/5] Extracting local knowledge...
    Extracted 28 local facts
    [5/5] Aggregating to global summary...
    Global summary created
    [OK] Total tokens: 2713 (FREE via LocalAI)
    Stored: 28 facts, 53 chunks
  Processing: Maintaining Coherence in Explainable AI Strategies for Consistency Across Time and Interaction.pdf
    [1/5] Extracting text...
    Extracted 35957 chars (using MarkItDown)
    [2/5] Extracting academic structure...
    Academic extraction: 1902 tokens
    [3/5] Semantic chunking...
    Created 30 chunks
    [4/5] Extracting local knowledge...
    Extracted 26 local facts
    [5/5] Aggregating to global summary...
    Global summary created
    [OK] Total tokens: 5581 (FREE via LocalAI)
[Telegram] Failed: HTTP Error 400: Bad Request
    Stored: 26 facts, 30 chunks
    [ERR] 'charmap' codec can't encode character '\u2010' in position 122: character maps to <undefined>
  Processing: On-Policy Algorithms for Continual Reinforcement Learning.pdf
    [1/5] Extracting text...
    Extracted 9465 chars (using MarkItDown)
    [2/5] Extracting academic structure...
    [3/5] Semantic chunking...
    Created 9 chunks
    [4/5] Extracting local knowledge...
    Extracted 13 local facts
    [5/5] Aggregating to global summary...
    Global summary created
    [OK] Total tokens: 1183 (FREE via LocalAI)
    Stored: 13 facts, 9 chunks
  Processing: Over the Edge of Chaos Excess Complexity as a Roadblock to Artificial General Intelligence.pdf
    [1/5] Extracting text...
    Extracted 62281 chars (using MarkItDown)
    [2/5] Extracting academic structure...
    [3/5] Semantic chunking...
    Created 53 chunks
    [4/5] Extracting local knowledge...
    Extracted 15 local facts
    [5/5] Aggregating to global summary...
    Global summary created
    [OK] Total tokens: 1268 (FREE via LocalAI)
    Stored: 15 facts, 53 chunks
  Processing: Parsimonious statistical techniques for the detection of drifts toward dangerous operational conditions in tokamaks.pdf
    [1/5] Extracting text...
    Extracted 49636 chars (using MarkItDown)
    [2/5] Extracting academic structure...
    [3/5] Semantic chunking...
    Created 40 chunks
    [4/5] Extracting local knowledge...
    Extracted 9 local facts
    [5/5] Aggregating to global summary...
    Global summary created
    [OK] Total tokens: 911 (FREE via LocalAI)
    Stored: 9 facts, 40 chunks
  Processing: Public Administration Review - 2022 - Schwarz - Bounded Rationality  Satisficing  Artificial Intelligence  and.pdf
    [1/5] Extracting text...
    Extracted 19262 chars (using MarkItDown)
    [2/5] Extracting academic structure...
    [3/5] Semantic chunking...
    Created 16 chunks
    [4/5] Extracting local knowledge...
    Extracted 39 local facts
    [5/5] Aggregating to global summary...
    Global summary created
    [OK] Total tokens: 3945 (FREE via LocalAI)
    Stored: 39 facts, 16 chunks
  Processing: Rethinking the Foundations for Continual Reinforcement Learning.pdf
    [1/5] Extracting text...Could not get FontBBox from font descriptor because None cannot be parsed as 4 floats
Could not get FontBBox from font descriptor because None cannot be parsed as 4 floats
Could not get FontBBox from font descriptor because None cannot be parsed as 4 floats

    Extracted 72720 chars (using MarkItDown)
    [2/5] Extracting academic structure...
    [3/5] Semantic chunking...
    Created 56 chunks
    [4/5] Extracting local knowledge...
    Extracted 19 local facts
    [5/5] Aggregating to global summary...
    Global summary created
    [OK] Total tokens: 1797 (FREE via LocalAI)
    Stored: 19 facts, 56 chunks
  Processing: Structured Resonance An Introduction to Coherence Across Systems.pdf
    [1/5] Extracting text...
    Extracted 35957 chars (using MarkItDown)
    [2/5] Extracting academic structure...
    [3/5] Semantic chunking...
    Created 25 chunks
    [4/5] Extracting local knowledge...
    Extracted 16 local facts
    [5/5] Aggregating to global summary...
    Global summary created
    [OK] Total tokens: 2509 (FREE via LocalAI)
[Telegram] Failed: HTTP Error 400: Bad Request
    Stored: 16 facts, 25 chunks
  Processing: Tackling data and model drift in AI Strategies for maintaining accuracy during ML model inference.pdf
    [1/5] Extracting text...
    Extracted 36668 chars (using MarkItDown)
    [2/5] Extracting academic structure...
    Academic extraction: 1863 tokens
    [3/5] Semantic chunking...
    Created 28 chunks
    [4/5] Extracting local knowledge...
    Extracted 58 local facts
    [5/5] Aggregating to global summary...
    Global summary created
    [OK] Total tokens: 8011 (FREE via LocalAI)
    Stored: 58 facts, 28 chunks
  Processing: Temporal quality degradation in AI models.pdf
    [1/5] Extracting text...
    Extracted 44154 chars (using MarkItDown)
    [2/5] Extracting academic structure...
    [3/5] Semantic chunking...
    Created 37 chunks
    [4/5] Extracting local knowledge...
    Extracted 22 local facts
    [5/5] Aggregating to global summary...
    Global summary created
    [OK] Total tokens: 2298 (FREE via LocalAI)
    Stored: 22 facts, 37 chunks
  Processing: The Future of Continual Learning in the Era of Foundation Models.pdf
    [1/5] Extracting text...
    Extracted 104351 chars (using MarkItDown)
    [2/5] Extracting academic structure...
    [3/5] Semantic chunking...
    Created 87 chunks
    [4/5] Extracting local knowledge...
    Extracted 23 local facts
    [5/5] Aggregating to global summary...
    Global summary created
    [OK] Total tokens: 2098 (FREE via LocalAI)
    Stored: 23 facts, 87 chunks
  Processing: The Game of Go Bounded Rationality and Artificial Intelligence.pdf
    [1/5] Extracting text...
    Extracted 48805 chars (using MarkItDown)
    [2/5] Extracting academic structure...
    [3/5] Semantic chunking...
    Created 34 chunks
    [4/5] Extracting local knowledge...
    Extracted 24 local facts
    [5/5] Aggregating to global summary...
    Global summary created
    [OK] Total tokens: 3129 (FREE via LocalAI)
    Stored: 24 facts, 34 chunks
  Processing: The Informational Coherence Index A Framework for the Integration of Networks of Artificial Intelligence Models.pdf
    [1/5] Extracting text...
    Extracted 54448 chars (using MarkItDown)
    [2/5] Extracting academic structure...
    [3/5] Semantic chunking...
    Created 39 chunks
    [4/5] Extracting local knowledge...
    Extracted 23 local facts
    [5/5] Aggregating to global summary...
    Global summary created
    [OK] Total tokens: 2213 (FREE via LocalAI)
    Stored: 23 facts, 39 chunks
  Processing: The Recursive Coherence Principle A Formal Constraint on Scalable Intelligence, Alignment, and Reasoning Architecture.pdf
    [1/5] Extracting text...
    Extracted 97245 chars (using MarkItDown)
    [2/5] Extracting academic structure...
    Academic extraction: 1727 tokens
    [3/5] Semantic chunking...
    Created 77 chunks
    [4/5] Extracting local knowledge...
    Extracted 16 local facts
    [5/5] Aggregating to global summary...
    Global summary created
    [OK] Total tokens: 3694 (FREE via LocalAI)
    Stored: 16 facts, 77 chunks
  Processing: Topological data analysis and machine learning.pdf
    [1/5] Extracting text...
    Extracted 69256 chars (using MarkItDown)
    [2/5] Extracting academic structure...
    [3/5] Semantic chunking...
    Created 55 chunks
    [4/5] Extracting local knowledge...
    Extracted 37 local facts
    [5/5] Aggregating to global summary...
    Global summary created
    [OK] Total tokens: 4191 (FREE via LocalAI)
    Stored: 37 facts, 55 chunks
  Processing: Topological data analysis and topological deep learning beyond persistent homology a review.pdf
    [1/5] Extracting text...
    Extracted 239715 chars (using MarkItDown)
    [2/5] Extracting academic structure...
    [3/5] Semantic chunking...
    Created 197 chunks
    [4/5] Extracting local knowledge...
    Extracted 13 local facts
    [5/5] Aggregating to global summary...
    Global summary created
    [OK] Total tokens: 1146 (FREE via LocalAI)
    Stored: 13 facts, 197 chunks
  Processing: Topological Methods in Machine Learning A Tutorial for Practitioners.pdf
    [1/5] Extracting text...
    Extracted 229810 chars (using MarkItDown)
    [2/5] Extracting academic structure...
    [3/5] Semantic chunking...
    Created 154 chunks
    [4/5] Extracting local knowledge...
    Extracted 0 local facts
    [5/5] Aggregating to global summary...
    Global summary created
    [OK] Total tokens: 0 (FREE via LocalAI)
    Stored: 0 facts, 154 chunks
  Processing: Towards Continual Reinforcement Learning A Review and Perspectives.pdf
    [1/5] Extracting text...
    Extracted 241243 chars (using MarkItDown)
    [2/5] Extracting academic structure...
    Academic extraction: 1937 tokens
    [3/5] Semantic chunking...
    Created 194 chunks
    [4/5] Extracting local knowledge...
    Extracted 85 local facts
    [5/5] Aggregating to global summary...
    Global summary created
    [OK] Total tokens: 10377 (FREE via LocalAI)
    Stored: 85 facts, 194 chunks

Done. Use --watch for continuous monitoring.
